build/outputs/logs/manifest-merger-debug-report.txt
-- Merging decision tree log ---
manifest
ADDED from src\main\AndroidManifest.xml:2:1-140:12
	package
		ADDED from src\main\AndroidManifest.xml:3:5-34
		INJECTED from src\main\AndroidManifest.xml
		INJECTED from src\main\AndroidManifest.xml
	android:versionName
		ADDED from src\main\AndroidManifest.xml:5:5-32
	android:versionCode
		ADDED from src\main\AndroidManifest.xml:4:5-28
		INJECTED from src\main\AndroidManifest.xml
		INJECTED from src\main\AndroidManifest.xml
	xmlns:android
		ADDED from src\main\AndroidManifest.xml:2:11-69
uses-sdk
ADDED from src\main\AndroidManifest.xml:7:5-9:41
MERGED from [com.android.support:support-v4:23.3.0] AndroidManifest.xml:20:5-43
	android:targetSdkVersion
		ADDED from src\main\AndroidManifest.xml:9:9-38
		INJECTED from src\main\AndroidManifest.xml
		INJECTED from src\main\AndroidManifest.xml
	android:minSdkVersion
		ADDED from src\main\AndroidManifest.xml:8:9-35
		INJECTED from src\main\AndroidManifest.xml
		INJECTED from src\main\AndroidManifest.xml
uses-permission#android.permission.RAISED_THREAD_PRIORITY
ADDED from src\main\AndroidManifest.xml:11:5-81
	android:name
		ADDED from src\main\AndroidManifest.xml:11:22-78
uses-permission#android.permission.READ_PHONE_STATE
ADDED from src\main\AndroidManifest.xml:12:5-75
	android:name
		ADDED from src\main\AndroidManifest.xml:12:22-72
uses-permission#android.permission.ACCESS_NETWORK_STATE
ADDED from src\main\AndroidManifest.xml:13:5-79
	android:name
		ADDED from src\main\AndroidManifest.xml:13:22-76
uses-permission#android.permission.INTERNET
ADDED from src\main\AndroidManifest.xml:14:5-67
	android:name
		ADDED from src\main\AndroidManifest.xml:14:22-64
uses-permission#android.permission.WRITE_EXTERNAL_STORAGE
ADDED from src\main\AndroidManifest.xml:15:5-81
	android:name
		ADDED from src\main\AndroidManifest.xml:15:22-78
uses-permission#android.permission.DISABLE_KEYGUARD
ADDED from src\main\AndroidManifest.xml:16:5-75
	android:name
		ADDED from src\main\AndroidManifest.xml:16:22-72
uses-permission#android.permission.MOUNT_UNMOUNT_FILESYSTEMS
ADDED from src\main\AndroidManifest.xml:17:5-84
	android:name
		ADDED from src\main\AndroidManifest.xml:17:22-81
uses-permission#android.permission.CHANGE_NETWORK_STATE
ADDED from src\main\AndroidManifest.xml:18:5-79
	android:name
		ADDED from src\main\AndroidManifest.xml:18:22-76
uses-permission#android.permission.CHANGE_WIFI_STATE
ADDED from src\main\AndroidManifest.xml:19:5-76
	android:name
		ADDED from src\main\AndroidManifest.xml:19:22-73
uses-permission#android.permission.WAKE_LOCK
ADDED from src\main\AndroidManifest.xml:20:5-68
	android:name
		ADDED from src\main\AndroidManifest.xml:20:22-65
uses-permission#android.permission.SYSTEM_ALERT_WINDOW
ADDED from src\main\AndroidManifest.xml:21:5-78
	android:name
		ADDED from src\main\AndroidManifest.xml:21:22-75
uses-permission#android.permission.ACCESS_WIFI_STATE
ADDED from src\main\AndroidManifest.xml:22:5-76
	android:name
		ADDED from src\main\AndroidManifest.xml:22:22-73
uses-permission#android.permission.WRITE_SETTINGS
ADDED from src\main\AndroidManifest.xml:23:5-73
	android:name
		ADDED from src\main\AndroidManifest.xml:23:22-70
uses-permission#android.permission.RECEIVE_BOOT_COMPLETED
ADDED from src\main\AndroidManifest.xml:25:5-81
	android:name
		ADDED from src\main\AndroidManifest.xml:25:22-78
uses-permission#android.permission.READ_EXTERNAL_STORAGE
ADDED from src\main\AndroidManifest.xml:26:5-80
	android:name
		ADDED from src\main\AndroidManifest.xml:26:22-77
uses-permission#android.permission.ACCESS_COARSE_LOCATION
ADDED from src\main\AndroidManifest.xml:28:5-81
	android:name
		ADDED from src\main\AndroidManifest.xml:28:22-78
uses-permission#android.permission.ACCESS_FINE_LOCATION
ADDED from src\main\AndroidManifest.xml:30:5-79
	android:name
		ADDED from src\main\AndroidManifest.xml:30:22-76
uses-permission#android.permission.ACCESS_LOCATION_EXTRA_COMMANDS
ADDED from src\main\AndroidManifest.xml:44:5-89
	android:name
		ADDED from src\main\AndroidManifest.xml:44:22-86
uses-permission#android.permission.BLUETOOTH
ADDED from src\main\AndroidManifest.xml:46:5-68
	android:name
		ADDED from src\main\AndroidManifest.xml:46:22-65
uses-permission#android.permission.BLUETOOTH_ADMIN
ADDED from src\main\AndroidManifest.xml:47:5-74
	android:name
		ADDED from src\main\AndroidManifest.xml:47:22-71
application
ADDED from src\main\AndroidManifest.xml:49:5-138:19
MERGED from [com.android.support:support-v4:23.3.0] AndroidManifest.xml:22:5-20
	android:label
		ADDED from src\main\AndroidManifest.xml:52:9-41
	android:icon
		ADDED from src\main\AndroidManifest.xml:51:9-43
	android:theme
		ADDED from src\main\AndroidManifest.xml:53:9-68
	android:name
		ADDED from src\main\AndroidManifest.xml:50:9-33
meta-data#com.amap.api.v2.apikey
ADDED from src\main\AndroidManifest.xml:54:9-56:64
	android:value
		ADDED from src\main\AndroidManifest.xml:56:13-61
	android:name
		ADDED from src\main\AndroidManifest.xml:55:13-50
service#com.amap.api.location.APSService
ADDED from src\main\AndroidManifest.xml:58:9-68
	android:name
		ADDED from src\main\AndroidManifest.xml:58:18-65
activity#com.senter.demo.uhf.commonActivity.ForgetPasswordActivity
ADDED from src\main\AndroidManifest.xml:60:9-75
	android:name
		ADDED from src\main\AndroidManifest.xml:60:19-72
activity#com.senter.demo.uhf.commonActivity.WelcomeActivity
ADDED from src\main\AndroidManifest.xml:65:9-74:20
	android:screenOrientation
		ADDED from src\main\AndroidManifest.xml:68:13-49
	android:label
		ADDED from src\main\AndroidManifest.xml:67:13-45
	android:name
		ADDED from src\main\AndroidManifest.xml:66:13-59
intent-filter#android.intent.action.MAIN+android.intent.category.LAUNCHER
ADDED from src\main\AndroidManifest.xml:69:13-73:29
action#android.intent.action.MAIN
ADDED from src\main\AndroidManifest.xml:70:17-69
	android:name
		ADDED from src\main\AndroidManifest.xml:70:25-66
category#android.intent.category.LAUNCHER
ADDED from src\main\AndroidManifest.xml:72:17-77
	android:name
		ADDED from src\main\AndroidManifest.xml:72:27-74
activity#com.senter.demo.uhf.modelD2.Activity_FunctionSelection
ADDED from src\main\AndroidManifest.xml:78:9-82:77
	android:screenOrientation
		ADDED from src\main\AndroidManifest.xml:81:13-49
	android:label
		ADDED from src\main\AndroidManifest.xml:80:13-37
	android:theme
		ADDED from src\main\AndroidManifest.xml:82:13-74
	android:name
		ADDED from src\main\AndroidManifest.xml:79:13-63
activity#com.senter.demo.uhf.modelD2.Activity0Inventory
ADDED from src\main\AndroidManifest.xml:83:9-87:63
	android:screenOrientation
		ADDED from src\main\AndroidManifest.xml:86:13-49
	android:label
		ADDED from src\main\AndroidManifest.xml:85:13-48
	android:theme
		ADDED from src\main\AndroidManifest.xml:87:13-60
	android:name
		ADDED from src\main\AndroidManifest.xml:84:13-55
activity#com.senter.demo.uhf.modelD2.Activity1Read
ADDED from src\main\AndroidManifest.xml:88:9-92:63
	android:screenOrientation
		ADDED from src\main\AndroidManifest.xml:91:13-49
	android:label
		ADDED from src\main\AndroidManifest.xml:90:13-57
	android:theme
		ADDED from src\main\AndroidManifest.xml:92:13-60
	android:name
		ADDED from src\main\AndroidManifest.xml:89:13-50
activity#com.senter.demo.uhf.modelD2.Activity2Write
ADDED from src\main\AndroidManifest.xml:93:9-97:63
	android:screenOrientation
		ADDED from src\main\AndroidManifest.xml:96:13-49
	android:label
		ADDED from src\main\AndroidManifest.xml:95:13-58
	android:theme
		ADDED from src\main\AndroidManifest.xml:97:13-60
	android:name
		ADDED from src\main\AndroidManifest.xml:94:13-51
activity#com.senter.demo.uhf.modelD2.Activity5Settings
ADDED from src\main\AndroidManifest.xml:98:9-103:75
	android:screenOrientation
		ADDED from src\main\AndroidManifest.xml:101:13-49
	android:label
		ADDED from src\main\AndroidManifest.xml:100:13-62
	android:windowSoftInputMode
		ADDED from src\main\AndroidManifest.xml:103:13-72
	android:theme
		ADDED from src\main\AndroidManifest.xml:102:13-60
	android:name
		ADDED from src\main\AndroidManifest.xml:99:13-54
activity#com.senter.demo.uhf.record.ActivityRecordsList
ADDED from src\main\AndroidManifest.xml:108:9-112:63
	android:screenOrientation
		ADDED from src\main\AndroidManifest.xml:111:13-49
	android:label
		ADDED from src\main\AndroidManifest.xml:110:13-47
	android:theme
		ADDED from src\main\AndroidManifest.xml:112:13-60
	android:name
		ADDED from src\main\AndroidManifest.xml:109:13-55
activity#com.senter.demo.uhf.record.ActivityRecordDisplayer
ADDED from src\main\AndroidManifest.xml:113:9-117:63
	android:screenOrientation
		ADDED from src\main\AndroidManifest.xml:116:13-49
	android:label
		ADDED from src\main\AndroidManifest.xml:115:13-48
	android:theme
		ADDED from src\main\AndroidManifest.xml:117:13-60
	android:name
		ADDED from src\main\AndroidManifest.xml:114:13-59
activity#com.senter.demo.uhf.commonActivity.UseageActivity
ADDED from src\main\AndroidManifest.xml:118:9-120:75
	android:windowSoftInputMode
		ADDED from src\main\AndroidManifest.xml:120:13-72
	android:name
		ADDED from src\main\AndroidManifest.xml:119:13-58
activity#com.senter.demo.uhf.commonActivity.LoginActivity
ADDED from src\main\AndroidManifest.xml:121:9-123:75
	android:windowSoftInputMode
		ADDED from src\main\AndroidManifest.xml:123:13-72
	android:name
		ADDED from src\main\AndroidManifest.xml:122:13-57
activity#com.senter.demo.uhf.commonActivity.ShowMessageActivity
ADDED from src\main\AndroidManifest.xml:124:9-72
	android:name
		ADDED from src\main\AndroidManifest.xml:124:19-69
activity#com.senter.demo.uhf.commonActivity.GetMessageActivity
ADDED from src\main\AndroidManifest.xml:125:9-71
	android:name
		ADDED from src\main\AndroidManifest.xml:125:19-68
activity#com.senter.demo.uhf.commonActivity.ViewPagerActivity
ADDED from src\main\AndroidManifest.xml:126:9-70
	android:name
		ADDED from src\main\AndroidManifest.xml:126:19-67
activity#com.senter.demo.uhf.modelD2.SettingActivity
ADDED from src\main\AndroidManifest.xml:127:9-61
	android:name
		ADDED from src\main\AndroidManifest.xml:127:19-58
activity#com.senter.demo.uhf.commonActivity.ProductActivity
ADDED from src\main\AndroidManifest.xml:128:9-130:75
	android:windowSoftInputMode
		ADDED from src\main\AndroidManifest.xml:130:13-72
	android:name
		ADDED from src\main\AndroidManifest.xml:129:13-59
activity#com.senter.demo.uhf.commonActivity.Activityocation
ADDED from src\main\AndroidManifest.xml:131:9-68
	android:name
		ADDED from src\main\AndroidManifest.xml:131:19-65
activity#com.senter.demo.uhf.commonActivity.ModelChoiceActivity
ADDED from src\main\AndroidManifest.xml:132:9-72
	android:name
		ADDED from src\main\AndroidManifest.xml:132:19-69
activity#com.senter.demo.uhf.commonActivity.HomePageActivity
ADDED from src\main\AndroidManifest.xml:133:9-69
	android:name
		ADDED from src\main\AndroidManifest.xml:133:19-66
activity#com.senter.demo.uhf.commonActivity.NoticeActivity
ADDED from src\main\AndroidManifest.xml:134:9-67
	android:name
		ADDED from src\main\AndroidManifest.xml:134:19-64
activity#com.senter.demo.uhf.commonActivity.EquipActivity
ADDED from src\main\AndroidManifest.xml:135:9-66
	android:name
		ADDED from src\main\AndroidManifest.xml:135:19-63
activity#com.senter.demo.uhf.commonActivity.ComeActivity
ADDED from src\main\AndroidManifest.xml:136:9-65
	android:name
		ADDED from src\main\AndroidManifest.xml:136:19-62
activity#com.senter.demo.uhf.commonActivity.InActivity
ADDED from src\main\AndroidManifest.xml:137:9-72
	android:name
		ADDED from src\main\AndroidManifest.xml:137:19-60